CRITICAL - 2023-10-25 06:33:32 --> Invalid file: "login/signIn.php"
in SYSTEMPATH\Exceptions\FrameworkException.php on line 39.
 1 SYSTEMPATH\View\View.php(216): CodeIgniter\Exceptions\FrameworkException::forInvalidFile('login/signIn.php')
 2 SYSTEMPATH\Common.php(1190): CodeIgniter\View\View->render('login/signIn', [], true)
 3 APPPATH\Views\client\header\index.php(39): view('login/signIn')
 4 SYSTEMPATH\View\View.php(228): include('C:\\wamp64\\www\\businnesPage\\app\\Views\\client\\header\\index.php')
 5 SYSTEMPATH\View\View.php(231): CodeIgniter\View\View->CodeIgniter\View\{closure}()
 6 SYSTEMPATH\Common.php(1190): CodeIgniter\View\View->render('client/header/index', [], true)
 7 APPPATH\Controllers\Client.php(22): view('client/header/index', [...])
 8 SYSTEMPATH\CodeIgniter.php(942): App\Controllers\Client->showSignIn()
 9 SYSTEMPATH\CodeIgniter.php(502): CodeIgniter\CodeIgniter->runController(Object(App\Controllers\Client))
10 SYSTEMPATH\CodeIgniter.php(361): CodeIgniter\CodeIgniter->handleRequest(null, Object(Config\Cache), false)
11 FCPATH\index.php(79): CodeIgniter\CodeIgniter->run()
INFO - 2023-10-25 06:58:34 --> Session: Class initialized using 'CodeIgniter\Session\Handlers\FileHandler' driver.
INFO - 2023-10-25 06:58:36 --> Session: Class initialized using 'CodeIgniter\Session\Handlers\FileHandler' driver.
INFO - 2023-10-25 06:59:04 --> Session: Class initialized using 'CodeIgniter\Session\Handlers\FileHandler' driver.
INFO - 2023-10-25 06:59:06 --> Session: Class initialized using 'CodeIgniter\Session\Handlers\FileHandler' driver.
INFO - 2023-10-25 07:03:31 --> Session: Class initialized using 'CodeIgniter\Session\Handlers\FileHandler' driver.
INFO - 2023-10-25 07:03:32 --> Session: Class initialized using 'CodeIgniter\Session\Handlers\FileHandler' driver.
INFO - 2023-10-25 07:03:32 --> Session: Class initialized using 'CodeIgniter\Session\Handlers\FileHandler' driver.
INFO - 2023-10-25 07:03:33 --> Session: Class initialized using 'CodeIgniter\Session\Handlers\FileHandler' driver.
INFO - 2023-10-25 07:03:43 --> Session: Class initialized using 'CodeIgniter\Session\Handlers\FileHandler' driver.
INFO - 2023-10-25 07:03:54 --> Session: Class initialized using 'CodeIgniter\Session\Handlers\FileHandler' driver.
INFO - 2023-10-25 07:03:54 --> Session: Class initialized using 'CodeIgniter\Session\Handlers\FileHandler' driver.
INFO - 2023-10-25 07:03:55 --> Session: Class initialized using 'CodeIgniter\Session\Handlers\FileHandler' driver.
INFO - 2023-10-25 07:04:33 --> Session: Class initialized using 'CodeIgniter\Session\Handlers\FileHandler' driver.
INFO - 2023-10-25 07:05:23 --> Session: Class initialized using 'CodeIgniter\Session\Handlers\FileHandler' driver.
INFO - 2023-10-25 07:05:30 --> Session: Class initialized using 'CodeIgniter\Session\Handlers\FileHandler' driver.
ERROR - 2023-10-25 07:05:30 --> mysqli_sql_exception: Table 'bussinespage.client' doesn't exist in C:\wamp64\www\businnesPage\system\Database\MySQLi\Connection.php:306
Stack trace:
#0 C:\wamp64\www\businnesPage\system\Database\MySQLi\Connection.php(306): mysqli->query('SELECT *\nFROM `...', 0)
#1 C:\wamp64\www\businnesPage\system\Database\BaseConnection.php(693): CodeIgniter\Database\MySQLi\Connection->execute('SELECT *\nFROM `...')
#2 C:\wamp64\www\businnesPage\system\Database\BaseConnection.php(607): CodeIgniter\Database\BaseConnection->simpleQuery('SELECT *\nFROM `...')
#3 C:\wamp64\www\businnesPage\system\Database\BaseBuilder.php(1615): CodeIgniter\Database\BaseConnection->query('SELECT *\nFROM `...', Array, false)
#4 C:\wamp64\www\businnesPage\app\Models\MainModel.php(74): CodeIgniter\Database\BaseBuilder->get()
#5 C:\wamp64\www\businnesPage\app\Controllers\Client.php(58): App\Models\MainModel->objCheckDuplicate('client', 'user', 'asad', '')
#6 C:\wamp64\www\businnesPage\system\CodeIgniter.php(942): App\Controllers\Client->registerUser()
#7 C:\wamp64\www\businnesPage\system\CodeIgniter.php(502): CodeIgniter\CodeIgniter->runController(Object(App\Controllers\Client))
#8 C:\wamp64\www\businnesPage\system\CodeIgniter.php(361): CodeIgniter\CodeIgniter->handleRequest(NULL, Object(Config\Cache), false)
#9 C:\wamp64\www\businnesPage\public\index.php(79): CodeIgniter\CodeIgniter->run()
#10 {main}
CRITICAL - 2023-10-25 07:05:30 --> Table 'bussinespage.client' doesn't exist
in SYSTEMPATH\Database\BaseConnection.php on line 647.
 1 SYSTEMPATH\Database\BaseBuilder.php(1615): CodeIgniter\Database\BaseConnection->query('SELECT *
FROM `client`
WHERE `user` = :user:', [...], false)
 2 APPPATH\Models\MainModel.php(74): CodeIgniter\Database\BaseBuilder->get()
 3 APPPATH\Controllers\Client.php(58): App\Models\MainModel->objCheckDuplicate('client', 'user', 'asad', '')
 4 SYSTEMPATH\CodeIgniter.php(942): App\Controllers\Client->registerUser()
 5 SYSTEMPATH\CodeIgniter.php(502): CodeIgniter\CodeIgniter->runController(Object(App\Controllers\Client))
 6 SYSTEMPATH\CodeIgniter.php(361): CodeIgniter\CodeIgniter->handleRequest(null, Object(Config\Cache), false)
 7 FCPATH\index.php(79): CodeIgniter\CodeIgniter->run()
INFO - 2023-10-25 07:05:49 --> Session: Class initialized using 'CodeIgniter\Session\Handlers\FileHandler' driver.
ERROR - 2023-10-25 07:05:50 --> mysqli_sql_exception: Unknown column 'pass' in 'field list' in C:\wamp64\www\businnesPage\system\Database\MySQLi\Connection.php:306
Stack trace:
#0 C:\wamp64\www\businnesPage\system\Database\MySQLi\Connection.php(306): mysqli->query('INSERT INTO `cl...', 0)
#1 C:\wamp64\www\businnesPage\system\Database\BaseConnection.php(693): CodeIgniter\Database\MySQLi\Connection->execute('INSERT INTO `cl...')
#2 C:\wamp64\www\businnesPage\system\Database\BaseConnection.php(607): CodeIgniter\Database\BaseConnection->simpleQuery('INSERT INTO `cl...')
#3 C:\wamp64\www\businnesPage\system\Database\BaseBuilder.php(2308): CodeIgniter\Database\BaseConnection->query('INSERT INTO `cl...', Array, false)
#4 C:\wamp64\www\businnesPage\app\Models\MainModel.php(20): CodeIgniter\Database\BaseBuilder->insert(Array)
#5 C:\wamp64\www\businnesPage\app\Controllers\Client.php(80): App\Models\MainModel->objCreate('clients', Array)
#6 C:\wamp64\www\businnesPage\system\CodeIgniter.php(942): App\Controllers\Client->registerUser()
#7 C:\wamp64\www\businnesPage\system\CodeIgniter.php(502): CodeIgniter\CodeIgniter->runController(Object(App\Controllers\Client))
#8 C:\wamp64\www\businnesPage\system\CodeIgniter.php(361): CodeIgniter\CodeIgniter->handleRequest(NULL, Object(Config\Cache), false)
#9 C:\wamp64\www\businnesPage\public\index.php(79): CodeIgniter\CodeIgniter->run()
#10 {main}
CRITICAL - 2023-10-25 07:05:50 --> Unknown column 'pass' in 'field list'
in SYSTEMPATH\Database\BaseConnection.php on line 647.
 1 SYSTEMPATH\Database\BaseBuilder.php(2308): CodeIgniter\Database\BaseConnection->query('INSERT INTO `clients` (`user`, `pass`, `email`, `token`) VALUES (:user:, :pass:, :email:, :token:)', [...], false)
 2 APPPATH\Models\MainModel.php(20): CodeIgniter\Database\BaseBuilder->insert([...])
 3 APPPATH\Controllers\Client.php(80): App\Models\MainModel->objCreate('clients', [...])
 4 SYSTEMPATH\CodeIgniter.php(942): App\Controllers\Client->registerUser()
 5 SYSTEMPATH\CodeIgniter.php(502): CodeIgniter\CodeIgniter->runController(Object(App\Controllers\Client))
 6 SYSTEMPATH\CodeIgniter.php(361): CodeIgniter\CodeIgniter->handleRequest(null, Object(Config\Cache), false)
 7 FCPATH\index.php(79): CodeIgniter\CodeIgniter->run()
INFO - 2023-10-25 07:06:28 --> Session: Class initialized using 'CodeIgniter\Session\Handlers\FileHandler' driver.
INFO - 2023-10-25 07:07:59 --> Session: Class initialized using 'CodeIgniter\Session\Handlers\FileHandler' driver.
INFO - 2023-10-25 07:08:22 --> Session: Class initialized using 'CodeIgniter\Session\Handlers\FileHandler' driver.
INFO - 2023-10-25 07:09:31 --> Session: Class initialized using 'CodeIgniter\Session\Handlers\FileHandler' driver.
INFO - 2023-10-25 07:09:39 --> Session: Class initialized using 'CodeIgniter\Session\Handlers\FileHandler' driver.
INFO - 2023-10-25 07:09:43 --> Session: Class initialized using 'CodeIgniter\Session\Handlers\FileHandler' driver.
INFO - 2023-10-25 18:22:44 --> Session: Class initialized using 'CodeIgniter\Session\Handlers\FileHandler' driver.
INFO - 2023-10-25 18:22:45 --> Session: Class initialized using 'CodeIgniter\Session\Handlers\FileHandler' driver.
INFO - 2023-10-25 18:23:55 --> Session: Class initialized using 'CodeIgniter\Session\Handlers\FileHandler' driver.
